Traceback (most recent call last):
  File "/media/myfiles/rintemo/main.py", line 5, in <module>
    app = create_app()  # This uses the app factory defined in app/__init__.py
          ^^^^^^^^^^^^
  File "/media/myfiles/rintemo/app/__init__.py", line 13, in create_app
    from .memory import LongTermMemory
  File "/media/myfiles/rintemo/app/memory.py", line 16, in <module>
    memory_model = SentenceTransformer('all-MiniLM-L6-v2')
                   ^^^^^^^^^^^^^^^^^^^^^^^^^^^^^^^^^^^^^^^
  File "/media/myfiles/rintemo/myenv/lib/python3.12/site-packages/sentence_transformers/SentenceTransformer.py", line 309, in __init__
    modules, self.module_kwargs = self._load_sbert_model(
                                  ^^^^^^^^^^^^^^^^^^^^^^^
  File "/media/myfiles/rintemo/myenv/lib/python3.12/site-packages/sentence_transformers/SentenceTransformer.py", line 1808, in _load_sbert_model
    module = module_class(model_name_or_path, cache_dir=cache_folder, backend=self.backend, **kwargs)
             ^^^^^^^^^^^^^^^^^^^^^^^^^^^^^^^^^^^^^^^^^^^^^^^^^^^^^^^^^^^^^^^^^^^^^^^^^^^^^^^^^^^^^^^^
  File "/media/myfiles/rintemo/myenv/lib/python3.12/site-packages/sentence_transformers/models/Transformer.py", line 81, in __init__
    self._load_model(model_name_or_path, config, cache_dir, backend, is_peft_model, **model_args)
  File "/media/myfiles/rintemo/myenv/lib/python3.12/site-packages/sentence_transformers/models/Transformer.py", line 181, in _load_model
    self.auto_model = AutoModel.from_pretrained(
                      ^^^^^^^^^^^^^^^^^^^^^^^^^^
  File "/media/myfiles/rintemo/myenv/lib/python3.12/site-packages/transformers/models/auto/auto_factory.py", line 547, in from_pretrained
    has_local_code = type(config) in cls._model_mapping.keys()
                                     ^^^^^^^^^^^^^^^^^^^^^^^^^
  File "/media/myfiles/rintemo/myenv/lib/python3.12/site-packages/transformers/models/auto/auto_factory.py", line 792, in keys
    self._load_attr_from_module(key, name)
  File "/media/myfiles/rintemo/myenv/lib/python3.12/site-packages/transformers/models/auto/auto_factory.py", line 787, in _load_attr_from_module
    self._modules[module_name] = importlib.import_module(f".{module_name}", "transformers.models")
                                 ^^^^^^^^^^^^^^^^^^^^^^^^^^^^^^^^^^^^^^^^^^^^^^^^^^^^^^^^^^^^^^^^^
  File "/usr/lib/python3.12/importlib/__init__.py", line 90, in import_module
    return _bootstrap._gcd_import(name[level:], package, level)
           ^^^^^^^^^^^^^^^^^^^^^^^^^^^^^^^^^^^^^^^^^^^^^^^^^^^^
  File "/media/myfiles/rintemo/myenv/lib/python3.12/site-packages/transformers/models/splinter/__init__.py", line 29, in <module>
    sys.modules[__name__] = _LazyModule(__name__, _file, define_import_structure(_file), module_spec=__spec__)
                                                         ^^^^^^^^^^^^^^^^^^^^^^^^^^^^^^
  File "/media/myfiles/rintemo/myenv/lib/python3.12/site-packages/transformers/utils/import_utils.py", line 2594, in define_import_structure
    import_structure = create_import_structure_from_path(module_path)
                       ^^^^^^^^^^^^^^^^^^^^^^^^^^^^^^^^^^^^^^^^^^^^^^
  File "/media/myfiles/rintemo/myenv/lib/python3.12/site-packages/transformers/utils/import_utils.py", line 2430, in create_import_structure_from_path
    for _all_object in fetch__all__(file_content):
                       ^^^^^^^^^^^^^^^^^^^^^^^^^^
  File "/media/myfiles/rintemo/myenv/lib/python3.12/site-packages/transformers/utils/import_utils.py", line 2210, in fetch__all__
    lines = file_content.splitlines()
            ^^^^^^^^^^^^^^^^^^^^^^^^^
KeyboardInterrupt
